<?xml version="1.0" encoding="UTF-8"?>
<testng-results total="1" passed="1" failed="0" skipped="0">
  <reporter-output>
  </reporter-output>
  <suite started-at="2023-09-14T04:11:13Z" name="Optical" finished-at="2023-09-14T04:11:46Z" duration-ms="32679">
    <groups>
    </groups>
    <test started-at="2023-09-14T04:11:13Z" name="Command line test" finished-at="2023-09-14T04:11:46Z" duration-ms="32679">
      <class name="Optical">
        <test-method is-config="true" signature="setUpClass()[pri:0, instance:Optical@5bfbf16f]" started-at="2023-09-13T23:11:13Z" name="setUpClass" finished-at="2023-09-13T23:11:13Z" duration-ms="5" status="PASS">
          <reporter-output>
          </reporter-output>
        </test-method> <!-- setUpClass -->
        <test-method is-config="true" signature="setUpMethod()[pri:0, instance:Optical@5bfbf16f]" started-at="2023-09-13T23:11:13Z" name="setUpMethod" finished-at="2023-09-13T23:11:14Z" duration-ms="994" status="PASS">
          <reporter-output>
          </reporter-output>
        </test-method> <!-- setUpMethod -->
        <test-method signature="testOptical()[pri:0, instance:Optical@5bfbf16f]" started-at="2023-09-13T23:11:14Z" name="testOptical" finished-at="2023-09-13T23:11:46Z" duration-ms="31573" status="PASS">
          <reporter-output>
          </reporter-output>
        </test-method> <!-- testOptical -->
        <test-method is-config="true" signature="tearDownMethod()[pri:0, instance:Optical@5bfbf16f]" started-at="2023-09-13T23:11:46Z" name="tearDownMethod" finished-at="2023-09-13T23:11:46Z" duration-ms="102" status="PASS">
          <reporter-output>
          </reporter-output>
        </test-method> <!-- tearDownMethod -->
        <test-method is-config="true" signature="tearDownClass()[pri:0, instance:Optical@5bfbf16f]" started-at="2023-09-13T23:11:46Z" name="tearDownClass" finished-at="2023-09-13T23:11:46Z" duration-ms="0" status="PASS">
          <reporter-output>
          </reporter-output>
        </test-method> <!-- tearDownClass -->
      </class> <!-- Optical -->
    </test> <!-- Command line test -->
  </suite> <!-- Optical -->
</testng-results>
